<!--
    Copyright (C) 2015-2016 apifocal LLC - https://www.apifocal.com

    This source code is available under a license agreement available at
    $HOME/LICENSE

    You should have received a copy of the agreement along with this
    program; if not, contact apifocal LLC.

    Unless required by applicable law or agreed to in writing, software
    distributed under the License is distributed on an "AS IS" BASIS,
    WITHOUT WARRANTIES OR CONDITIONS OF ANY KIND, either express or implied.
    See the License for the specific language governing permissions and
    limitations under the License.
-->
<project xmlns="http://maven.apache.org/POM/4.0.0" xmlns:xsi="http://www.w3.org/2001/XMLSchema-instance" xsi:schemaLocation="http://maven.apache.org/POM/4.0.0 http://maven.apache.org/xsd/maven-4.0.0.xsd">
    <modelVersion>4.0.0</modelVersion>

    <groupId>org.example</groupId>
    <artifactId>bom</artifactId>
    <version>0.1.0-SNAPSHOT</version>
    <packaging>pom</packaging>

    <properties>
        <dummy-artifact-2.version>1.2.0-SNAPSHOT</dummy-artifact-2.version> <!-- override version in bom -->
    </properties>

    <build>
        <plugins>
            <plugin>
                <groupId>${project.groupId}</groupId>
                <artifactId>bom-maven-plugin</artifactId>
                <version>${project.version}</version>
                <configuration>
                    <bomArtifact>
                        <groupId>org.example</groupId>
                        <artifactId>bom</artifactId>
                        <version>0.1.0-SNAPSHOT</version>
                    </bomArtifact>
                </configuration>
            </plugin>
        </plugins>
    </build>

</project>